<?xml version="1.0" encoding="UTF-8"?>
<!-- Generated by org.testng.reporters.JUnitReportReporter -->
<testsuite skipped="0" hostname="Swapnil" name="com.qa.flipkart.FlipkartAuto" tests="1" failures="0" timestamp="20 Nov 2020 15:55:20 GMT" time="68.033" errors="0">
  <testcase name="addToCartProduct" time="68.033" classname="com.qa.flipkart.FlipkartAuto"/>
</testsuite> <!-- com.qa.flipkart.FlipkartAuto -->
