<?xml version="1.0" encoding="UTF-8"?>
<!-- Generated by org.testng.reporters.JUnitReportReporter -->
<testsuite skipped="0" hostname="Swapnil" name="FlipkartAuto" tests="2" failures="0" timestamp="18 Nov 2020 20:01:24 GMT" time="115.164" errors="0">
  <testcase name="testCase1" time="72.780" classname="FlipkartAuto"/>
  <testcase name="selectPriceRange" time="42.384" classname="FlipkartAuto"/>
</testsuite> <!-- FlipkartAuto -->
